<?xml version="1.0" encoding="UTF-8"?>
<!-- Generated by org.testng.reporters.JUnitReportReporter -->
<testsuite hostname="Diandras-MacBook-Pro.local" failures="0" tests="1" name="AssignmentTamarin.run_automation.WebTest$WebTests" time="13.227" errors="0" timestamp="29 Oct 2022 16:05:25 GMT" skipped="0">
  <testcase classname="AssignmentTamarin.run_automation.WebTest$WebTests" name="endToEnd" time="13.227"/>
</testsuite> <!-- AssignmentTamarin.run_automation.WebTest$WebTests -->
