<?xml version="1.0" encoding="UTF-8"?>
<!-- Generated by org.testng.reporters.JUnitReportReporter -->
<testsuite hostname="Diandras-MacBook-Pro.local" failures="0" tests="1" name="AssignmentTamarin.run_automation.APITest" time="4.933" errors="0" timestamp="2022-11-26T13:57:32 WIB" skipped="0">
  <testcase classname="AssignmentTamarin.run_automation.APITest" name="SignUp" time="4.933"/>
  <system-out/>
</testsuite> <!-- AssignmentTamarin.run_automation.APITest -->
