<?xml version="1.0" encoding="UTF-8"?>
<!-- Generated by org.testng.reporters.JUnitReportReporter -->
<testsuite hostname="Diandras-MacBook-Pro.local" failures="0" tests="1" name="AssignmentTamarin.menu_action.APIMenus" time="4.641" errors="0" timestamp="2022-11-26T13:11:23 WIB" skipped="0">
  <testcase classname="AssignmentTamarin.menu_action.APIMenus" name="registrasi" time="4.641"/>
  <system-out/>
</testsuite> <!-- AssignmentTamarin.menu_action.APIMenus -->
