<?xml version="1.0" encoding="UTF-8"?>
<!-- Generated by org.testng.reporters.JUnitReportReporter -->
<testsuite hostname="Diandras-MacBook-Pro.local" failures="0" tests="1" name="AssignmentTamarin.run_automation.iFrameWebTest$WebTests" time="25.553" errors="0" timestamp="25 Nov 2022 06:58:03 GMT" skipped="0">
  <testcase classname="AssignmentTamarin.run_automation.iFrameWebTest$WebTests" name="endToEnd" time="25.553"/>
</testsuite> <!-- AssignmentTamarin.run_automation.iFrameWebTest$WebTests -->
